- force quote à¹€à¸à¸£à¸´à¹ˆà¸™à¸™à¸³
- feature image banner big on Topic
- à¸•à¸±à¸” sidebar à¸«à¸™à¹‰à¸² post

à¸«à¸¡à¸§à¸”à¸«à¸¡à¸¹à¹ˆ:
à¸„à¸¹à¹ˆà¸¡à¸·à¸­à¹‚à¸®à¸¡à¸ªà¸„à¸¹à¸¥
à¹€à¸­à¸à¸ªà¸²à¸£à¹à¸¥à¸°à¹à¸šà¸šà¸Ÿà¸­à¸£à¹Œà¸¡
à¸£à¹ˆà¸­à¸‡à¸£à¸­à¸¢à¸à¸²à¸£à¹€à¸£à¸µà¸¢à¸™à¸£à¸¹à¹‰
à¹€à¸£à¸·à¹ˆà¸­à¸‡à¹€à¸¥à¹ˆà¸²à¹‚à¸®à¸¡à¸ªà¸„à¸¹à¸¥
à¸à¸´à¸ˆà¸à¸£à¸£à¸¡à¹‚à¸®à¸¡à¸ªà¸„à¸¹à¸¥
à¹à¸œà¸™à¸à¸²à¸£à¸ˆà¸±à¸”à¸à¸²à¸£à¸¨à¸¶à¸à¸©à¸²
à¹à¸šà¸šà¸›à¸£à¸°à¹€à¸¡à¸´à¸™à¸œà¸¥à¸à¸²à¸£à¸ˆà¸±à¸”à¸à¸²à¸£à¸¨à¸¶à¸à¸©à¸²

à¸•à¸±à¸”à¸­à¸­à¸:
à¸„à¸§à¸²à¸¡à¹€à¸„à¸¥à¸·à¹ˆà¸­à¸™à¹„à¸«à¸§ (à¹€à¸›à¸¥à¸µà¹ˆà¸¢à¸™à¹€à¸›à¹‡à¸™ à¸à¸´à¸ˆà¸à¸£à¸£à¸¡à¹‚à¸®à¸¡à¸ªà¸„à¸¹à¸¥)
à¸£à¸­à¸šà¸£à¸¹à¹‰à¹‚à¸®à¸¡à¸ªà¸„à¸¹à¸¥
à¸•à¸±à¸”à¸­à¸­à¸:
à¹„à¸¡à¹ˆà¸¡à¸µà¸«à¸¡à¸§à¸”à¸«à¸¡à¸¹à¹ˆ
ðŸ˜¢
1

Tag à¸¡à¸±à¸™à¸¡à¸µà¹€à¸¢à¸­à¸°à¸¡à¸²à¸ à¸•à¹ˆà¸²à¸‡à¸„à¸™à¸•à¹ˆà¸²à¸‡à¹ƒà¸ªà¹ˆ à¸ˆà¸°à¸—à¸³à¹€à¸›à¹‡à¸™à¸¡à¸µà¸•à¸±à¸§à¹€à¸¥à¸·à¸­à¸à¹„à¸§à¹‰à¹ƒà¸«à¹‰à¹€à¸¥à¸·à¸­à¸à¹€à¸—à¹ˆà¸²à¸™à¸±à¹‰à¸™ à¹à¸¥à¸°à¸­à¸µà¸à¸—à¸µà¹ˆà¸›à¸£à¸°à¸¡à¸²à¸“à¸­à¸­à¹‚à¸•à¹‰ tag à¸„à¸·à¸­à¸Šà¸·à¹ˆà¸­à¸šà¹‰à¸²à¸™à¹€à¸£à¸µà¸¢à¸™à¸™à¸±à¹‰à¸™ à¸­à¸¢à¹ˆà¸²à¸‡à¸‚à¸­à¸‡à¸™à¸³à¸—à¸²à¸‡à¸à¹‡à¹„à¸¡à¹ˆà¸•à¹‰à¸­à¸‡à¸žà¸´à¸¡à¸žà¹Œà¹€à¸­à¸‡ à¹ƒà¸«à¹‰à¸¡à¸±à¸™ tag à¸Šà¸·à¹ˆà¸­à¸šà¹‰à¸²à¸™à¹€à¸£à¸µà¸¢à¸™à¸•à¸±à¸§à¹€à¸­à¸‡à¹€à¸¥à¸¢ à¸ˆà¸°à¹„à¸”à¹‰à¹„à¸¡à¹ˆà¸•à¹‰à¸­à¸‡à¸žà¸´à¸¡à¸žà¹Œà¸¡à¸±à¹ˆà¸§à¹†à¸¡à¸²à¹€à¸¥à¸¢
à¹‚à¸­à¹Šà¸¢ à¸¡à¸±à¸™à¸¥à¸šà¸‚à¹‰à¸­à¸„à¸§à¸²à¸¡à¹„à¸‡à¸§à¸°

à¸«à¸¡à¸§à¸”à¸«à¸¡à¸¹à¹ˆ:
à¸„à¸¹à¹ˆà¸¡à¸·à¸­à¹‚à¸®à¸¡à¸ªà¸„à¸¹à¸¥
à¹€à¸­à¸à¸ªà¸²à¸£à¹à¸¥à¸°à¹à¸šà¸šà¸Ÿà¸­à¸£à¹Œà¸¡
à¸£à¹ˆà¸­à¸‡à¸£à¸­à¸¢à¸à¸²à¸£à¹€à¸£à¸µà¸¢à¸™à¸£à¸¹à¹‰
à¹€à¸£à¸·à¹ˆà¸­à¸‡à¹€à¸¥à¹ˆà¸²à¹‚à¸®à¸¡à¸ªà¸„à¸¹à¸¥
à¸à¸´à¸ˆà¸à¸£à¸£à¸¡à¹‚à¸®à¸¡à¸ªà¸„à¸¹à¸¥
à¹à¸œà¸™à¸à¸²à¸£à¸ˆà¸±à¸”à¸à¸²à¸£à¸¨à¸¶à¸à¸©à¸²
à¸£à¸²à¸¢à¸‡à¸²à¸™à¸œà¸¥à¸à¸²à¸£à¸ˆà¸±à¸”à¸à¸²à¸£à¸¨à¸¶à¸à¸©à¸²

à¸•à¸±à¸”à¸­à¸­à¸:
à¸„à¸§à¸²à¸¡à¹€à¸„à¸¥à¸·à¹ˆà¸­à¸™à¹„à¸«à¸§ (à¹€à¸›à¸¥à¸µà¹ˆà¸¢à¸™à¹€à¸›à¹‡à¸™ à¸à¸´à¸ˆà¸à¸£à¸£à¸¡à¹‚à¸®à¸¡à¸ªà¸„à¸¹à¸¥)
à¸£à¸­à¸šà¸£à¸¹à¹‰à¹‚à¸®à¸¡à¸ªà¸„à¸¹à¸¥
à¹„à¸¡à¹ˆà¸¡à¸µà¸«à¸¡à¸§à¸”à¸«à¸¡à¸¹à¹ˆ

à¹„à¸¡à¹ˆà¹„à¸”à¹‰à¸«à¸§à¹ˆà¸° tag à¸¡à¸±à¸™à¸¢à¸´à¸šà¸¢à¹ˆà¸­à¸¢ à¸•à¹‰à¸­à¸‡à¹ƒà¸ªà¹ˆà¹€à¸žà¸´à¹ˆà¸¡à¸­à¸¢à¸¹à¹ˆà¸”à¸µ
à¸­à¸¢à¹ˆà¸²à¸‡ my way, à¸Šà¸·à¹ˆà¸­à¸£à¸¹à¸›à¹à¸šà¸šà¸à¸²à¸£à¹€à¸£à¸µà¸¢à¸™à¹à¸šà¸šà¸•à¹ˆà¸²à¸‡à¹†,
à¸«à¸£à¸·à¸­à¸ˆà¸°à¹€à¸­à¸²à¹à¸•à¹ˆà¸„à¸³à¸—à¸µà¹ˆà¹€à¸à¸µà¹ˆà¸¢à¸§à¸‚à¹‰à¸­à¸‡à¸à¸±à¸šà¹‚à¸®à¸¡à¸ªà¸„à¸¹à¸¥à¹€à¸—à¹ˆà¸²à¸™à¸±à¹‰à¸™

à¸ªà¸£à¸¸à¸›à¸ˆà¸²à¸à¸à¸¥à¸¸à¹ˆà¸¡à¸¢à¹ˆà¸­à¸¢à¸—à¸µà¹ˆà¹„à¸”à¹‰à¸„à¸¸à¸¢à¸à¸±à¸™à¸™à¸°à¸„à¸£à¸±à¸š à¸œà¸¡à¸šà¸­à¸à¸žà¸µà¹ˆà¸™à¸´à¹ˆà¸¡à¹ƒà¸«à¹‰à¸£à¸±à¸šà¸—à¸£à¸²à¸š

1. à¹€à¸£à¸²à¸ˆà¸°à¸—à¸³à¹€à¸‰à¸žà¸²à¸°à¸ªà¹ˆà¸§à¸™à¹‚à¸›à¸£à¹à¸à¸£à¸¡à¸‚à¸­à¸‡à¹€à¸£à¸²à¸šà¹‰à¸²à¸™à¸—à¸µà¹ˆà¹ƒà¸Šà¹‰à¹€à¸‰à¸žà¸²à¸°à¸—à¸²à¸‡à¸‚à¸­à¸‡à¸šà¹‰à¸²à¸™à¹€à¸£à¸µà¸¢à¸™à¹„à¸›à¸à¹ˆà¸­à¸™à¸•à¹ˆà¸­à¹„à¸›  à¸£à¸§à¸¡à¸–à¸¶à¸‡ à¹‚à¸›à¸£à¹à¸à¸£à¸¡à¹€à¸à¹‡à¸šà¸£à¹ˆà¸­à¸‡à¸£à¸­à¸‡à¸—à¸µà¹ˆà¸à¸³à¸¥à¸±à¸‡à¸ˆà¸°à¸”à¸³à¹€à¸™à¸´à¸™à¹ƒà¸«à¹‰à¹€à¸ªà¸£à¹‡à¸ˆà¹€à¸£à¹‡à¸§à¹†à¸™à¸µà¹‰ à¹à¸•à¹ˆà¹„à¸¡à¹ˆà¸£à¸§à¸¡à¸–à¸¶à¸‡ à¸à¸¨à¸¥.à¹à¸šà¸šà¸­à¸·à¹ˆà¸™à¹†
 à¹€à¸žà¸£à¸²à¸°à¸„à¸´à¸”à¸§à¹ˆà¸²à¹à¸¥à¹‰à¸§à¸§à¹ˆà¸²à¸­à¸¢à¹ˆà¸²à¸‡à¹„à¸£à¸à¹‡à¸•à¹‰à¸­à¸‡à¹à¸¢à¸à¸ªà¹ˆà¸§à¸™à¸à¸±à¸™à¸à¸±à¸š à¸¨à¸à¸¥. à¸„à¸£à¸±à¸š à¸•à¸±à¸§à¸­à¸¢à¹ˆà¸²à¸‡à¹€à¸Šà¹ˆà¸™ à¸–à¹‰à¸² "à¸¨à¸¹à¸™à¸¢à¹Œà¸à¸²à¸£à¹€à¸£à¸µà¸¢à¸™" à¸«à¸£à¸·à¸­ à¹‚à¸£à¸‡à¹€à¸£à¸µà¸¢à¸™à¸‚à¸™à¸²à¸”à¹€à¸¥à¹‡à¸ à¸ˆà¸°à¸¡à¸µà¹€à¸§à¹‡à¸šà¸‚à¸­à¸‡à¸•à¸±à¸§à¹€à¸­à¸‡à¸à¹‡à¹€à¸›à¹‡à¸™à¹€à¸£à¸·à¹ˆà¸­à¸‡à¸—à¸µà¹ˆà¸”à¸µ à¹€à¸›à¹‡à¸™à¹€à¸‰à¸žà¸²à¸°à¸—à¸²à¸‡à¸à¸±à¸™à¹„à¸›à¸„à¸£à¸±à¸š à¹€à¸§à¹‡à¸š à¸¨à¸à¸¥. à¸à¹‡à¸ˆà¸°à¹€à¸›à¹‡à¸™ portal à¸‹à¸°à¸¡à¸²à¸à¸à¸§à¹ˆà¸² à¸£à¸°à¸šà¸šà¸ˆà¸°à¹„à¸¡à¹ˆà¹€à¸—à¸­à¸°à¸—à¸°à¸ˆà¸™à¹€à¸à¸´à¸™à¹„à¸›à¸„à¸£à¸±à¸š à¸¢à¸±à¸‡à¹„à¸‡à¹à¸™à¸°à¸™à¸³à¹ƒà¸«à¹‰à¸—à¸²à¸‡à¸žà¸µà¹ˆà¸™à¸´à¹ˆà¸¡à¸—à¸£à¸²à¸šà¸§à¹ˆà¸²à¹€à¸£à¸²à¸¡à¸µà¹‚à¸›à¸£à¹à¸à¸£à¸¡à¸”à¸±à¸‡à¸—à¸µà¹ˆà¹„à¸”à¹‰à¹à¸ªà¸”à¸‡à¹„à¸›à¹à¸¥à¹‰à¸§à¸™à¸±à¹‰à¸™à¸„à¸£à¸±à¸š à¸–à¹‰à¸²à¸­à¸¢à¸²à¸à¸ˆà¸°à¹€à¸­à¸²à¹„à¸­à¹€à¸”à¸µà¸¢à¹„à¸›à¹ƒà¸Šà¹‰à¸à¹‡à¸¢à¸´à¸™à¸”à¸µ à¸«à¸£à¸·à¸­à¸ˆà¸°à¹ƒà¸«à¹‰à¸œà¸¡à¹€à¸‚à¹‰à¸²à¹„à¸›à¸Šà¹ˆà¸§à¸¢à¸žà¸±à¸’à¸™à¸²à¸£à¹ˆà¸§à¸¡à¸à¹‡à¹„à¸”à¹‰

2. à¹€à¸£à¸·à¹ˆà¸­à¸‡à¹à¸œà¸™à¸œà¸¡à¸¢à¸­à¸¡à¸£à¸±à¸šà¸§à¹ˆà¸²à¸—à¸²à¸‡à¹€à¸£à¸²à¹„à¸¡à¹ˆà¸¡à¸µà¸‚à¹‰à¸­à¸¡à¸¹à¸¥à¸¡à¸²à¸à¸žà¸­à¸ˆà¸°à¸—à¸³à¸¡à¸²à¸•à¸£à¸à¸²à¸™à¹„à¸”à¹‰ à¸•à¸£à¸‡à¸™à¸µà¹‰à¸ˆà¸°à¸‚à¸­à¸£à¸­à¸”à¸¹à¹‚à¸›à¹à¸à¸£à¸¡à¸Šà¹ˆà¸§à¸¢à¹€à¸‚à¸µà¸¢à¸™à¹à¸œà¸™à¹à¸¥à¹‰à¸§à¸¡à¸²à¸­à¸±à¸žà¹€à¸”à¸—à¸£à¸°à¸šà¸šà¸­à¸µà¸à¸—à¸µà¸„à¸£à¸±à¸š à¸£à¸°à¸«à¸§à¹ˆà¸²à¸‡à¸™à¸µà¹‰à¸à¹‡à¹ƒà¸Šà¹‰à¹à¸šà¸šà¹à¸œà¸™à¹ƒà¸„à¸£ à¹à¸œà¸™à¸¡à¸±à¸™à¸—à¸µà¹ˆà¹„à¸”à¹‰à¹€à¸„à¸¢à¹€à¸‚à¸µà¸¢à¸™à¸à¸±à¸™à¸¡à¸²à¹à¸¥à¹‰à¸§à¹„à¸›à¸à¹ˆà¸­à¸™ à¸­à¸¢à¹ˆà¸²à¸‡à¸—à¸µà¹ˆà¹€à¸„à¸¢à¸—à¸³à¸¡à¸²à¸à¹ˆà¸­à¸™ à¸¢à¸±à¸‡à¹„à¸¡à¹ˆà¸¡à¸µà¸¡à¸²à¸•à¸£à¸à¸²à¸™à¸Šà¸±à¸”à¹€à¸ˆà¸™ à¹à¸•à¹ˆà¸¢à¹‰à¸²à¸¢à¸¡à¸²à¸šà¸™à¹€à¸§à¹‡à¸šà¸„à¸£à¸±à¸š

3. à¸„à¸§à¸²à¸¡à¹€à¸„à¸¥à¸·à¹ˆà¸­à¸™à¹„à¸«à¸§à¸„à¸£à¸²à¸§à¸«à¸™à¹‰à¸²à¸­à¸±à¸™à¸”à¸±à¸šà¸•à¹ˆà¸­à¹„à¸›à¸„à¸·à¸­à¹‚à¸›à¸£à¹€à¹à¸à¸£à¸¡à¹€à¸à¹‡à¸šà¸£à¹ˆà¸­à¸‡à¸£à¸­à¸¢ à¸ˆà¸²à¸à¸—à¸µà¹ˆà¹„à¸”à¹‰ à¸žà¸£à¸µà¹€à¸‹à¸™à¸•à¹Œà¹„à¸›à¸„à¸£à¸²à¸§à¸à¹ˆà¸­à¸™à¹€à¸ªà¸µà¸¢à¸‡à¸•à¸­à¸šà¸£à¸±à¸šà¸–à¸¶à¸‡à¸„à¸§à¸²à¸¡à¸‡à¹ˆà¸²à¸¢ à¸”à¸µà¸¡à¸²à¸à¸„à¸£à¸±à¸š
====================================================================
à¸žà¸µà¹ˆà¸™à¸´à¹ˆà¸¡ à¸à¸²à¸ link
https://homeschoolthailand.wordpress.com/2019/01/12/299/?fbclid=IwAR0iCX9p3XwuupHpo_6GSJoXOalx9m8M8tVcvVWAuq_0LgUFinn6e0VggKw
===========================================================================
à¹€à¸šà¸´à¸à¸ˆà¹ˆà¸²à¸¢à¸—à¸¸à¸™à¸ªà¸™à¸±à¸šà¸ªà¸™à¸¸à¸™à¹ƒà¸™à¸à¸²à¸£à¸—à¸³à¹€à¸§à¹‡à¸šà¹„à¸‹à¸•à¹Œ Homeschool Network à¸„à¸£à¸±à¹‰à¸‡à¸—à¸µà¹ˆ 2

à¸§à¸±à¸™à¸™à¸µà¹‰à¸œà¸¡à¹„à¸”à¹‰à¸£à¸±à¸šà¸Šà¸³à¸£à¸°à¸„à¹ˆà¸²à¹‚à¸®à¸ªà¸•à¹Œà¸£à¸²à¸¢à¸›à¸µà¸ˆà¸²à¸ à¸šà¸±à¸à¸Šà¸µà¸à¸¥à¸²à¸‡ Homeschool Network à¸ˆà¸³à¸™à¸§à¸™ 1,500 à¸šà¸²à¸— à¸¢à¸­à¸”à¸„à¸‡à¹€à¸«à¸¥à¸·à¸­ 36,614.80 à¸šà¸²à¸—

à¹€à¸£à¹‡à¸§à¹†à¸™à¸µà¹‰ à¸­à¸²à¸ˆà¸ˆà¸°à¹„à¸”à¹‰à¸¡à¸µà¸à¸²à¸£à¹€à¸›à¸¥à¸µà¹ˆà¸¢à¸™à¹à¸›à¸¥à¸‡à¸£à¸°à¸šà¸šà¸‚à¸­à¸‡à¹€à¸§à¹‡à¸šà¹ƒà¸«à¸¡à¹ˆ à¸œà¹ˆà¸²à¸™à¸à¸²à¸£à¹€à¸à¹‡à¸šà¸„à¸§à¸²à¸¡à¸•à¹‰à¸­à¸‡à¸à¸²à¸£à¸£à¸°à¸šà¸šà¸—à¸µà¹ˆà¸¡à¸²à¸à¸‚à¸¶à¹‰à¸™à¹à¸¥à¸°à¸•à¸±à¸”à¸ªà¸´à¹ˆà¸‡à¸—à¸µà¹ˆà¹„à¸¡à¹ˆà¹„à¸”à¹‰à¹ƒà¸Šà¹‰à¸­à¸­à¸à¹„à¸› à¸‹à¸¶à¹ˆà¸‡à¸­à¸²à¸ˆà¸•à¹‰à¸­à¸‡à¸¡à¸µà¸à¸²à¸£à¹ƒà¸Šà¹‰à¸‡à¸šà¸•à¸£à¸‡à¸™à¸µà¹‰à¸šà¸²à¸‡à¸ªà¹ˆà¸§à¸™

à¸ªà¸¡à¸²à¸Šà¸´à¸à¸ªà¸²à¸¡à¸²à¸£à¸–à¹ƒà¸«à¹‰à¸à¸²à¸£à¸Šà¹ˆà¸§à¸¢à¹€à¸«à¸¥à¸·à¸­à¸•à¸²à¸¡à¸à¸³à¸¥à¸±à¸‡à¹„à¸”à¹‰à¸—à¸µà¹ˆà¹€à¸šà¸­à¸£à¹Œà¸šà¸±à¸à¸Šà¸µ 028-1-95142-4 à¸Šà¸·à¹ˆà¸­à¸šà¸±à¸à¸Šà¸µ à¸—à¸´à¸•à¸² à¸¢à¸¨à¹‚à¸ªà¸ à¸“ à¸„à¸£à¸±à¸š

===============================================================================
à¹€à¸šà¸´à¸à¸ˆà¹ˆà¸²à¸¢à¸—à¸¸à¸™à¸ªà¸™à¸±à¸šà¸ªà¸™à¸¸à¸™à¹ƒà¸™à¸à¸²à¸£à¸—à¸³à¹€à¸§à¹‡à¸šà¹„à¸‹à¸•à¹Œ Homeschool Network à¸„à¸£à¸±à¹‰à¸‡à¸—à¸µà¹ˆ 3

à¸œà¸¡à¸—à¸³à¹‚à¸›à¸£à¹€à¸ˆà¹‡à¸à¸•à¹Œà¸™à¸µà¹‰à¹€à¸žà¸·à¹ˆà¸­à¸ªà¸™à¸±à¸šà¸ªà¸™à¸¸à¸™à¹€à¸„à¸£à¸·à¸­à¸‚à¹ˆà¸²à¸¢à¸šà¹‰à¸²à¸™à¹€à¸£à¸µà¸¢à¸™ à¸ªà¸£à¹‰à¸²à¸‡à¸à¸²à¸™à¸‚à¹‰à¸­à¸¡à¸¹à¸¥à¹ƒà¸«à¹‰à¸à¸±à¸šà¸à¸¥à¸¸à¹ˆà¸¡à¸šà¹‰à¸²à¸™à¹€à¸£à¸µà¸¢à¸™ à¹ƒà¸«à¹‰à¸¡à¸µà¸£à¸°à¸šà¸šà¸—à¸µà¹ˆà¸ªà¸²à¸¡à¸²à¸£à¸–à¹€à¸•à¸´à¸šà¹‚à¸•à¸•à¹ˆà¸­à¹„à¸›à¹„à¸”à¹‰à¹€à¸£à¸·à¹ˆà¸­à¸¢à¹† à¹ƒà¸™à¸­à¸™à¸²à¸„à¸• à¹à¸¥à¸°à¸”à¹‰à¸§à¸¢à¸£à¸°à¸šà¸šà¸šà¸²à¸‡à¸­à¸¢à¹ˆà¸²à¸‡ à¸­à¸¢à¹ˆà¸²à¸‡à¸à¸²à¸£à¹€à¸‚à¸µà¸¢à¸™à¹à¸œà¸™à¸à¸²à¸£à¸¨à¸¶à¸à¸©à¸² à¸à¸²à¸£à¹€à¸‚à¸µà¸¢à¸™à¹à¸šà¸šà¸›à¸£à¸°à¹€à¸¡à¸´à¸™ à¸ªà¹ˆà¸§à¸™à¸™à¸¶à¸‡à¸à¹‡à¸ªà¸™à¸­à¸‡à¸­à¸±à¸•à¸•à¸²à¸•à¸™à¹€à¸­à¸‡ à¹€à¸žà¸£à¸²à¸°à¹€à¸›à¹‡à¸™à¸„à¸™à¸—à¸µà¹ˆà¹„à¸¡à¹ˆà¸Šà¸­à¸šà¹€à¸­à¸à¸ªà¸²à¸£ à¹‚à¸”à¸¢à¹€à¸‰à¸žà¸²à¸°à¸à¸²à¸£à¸žà¸´à¸¡à¸žà¹Œà¹€à¸›à¹‡à¸™à¸à¸£à¸°à¸”à¸²à¸©à¹à¸¥à¸°à¸„à¸§à¸²à¸¡à¸¢à¸¸à¹ˆà¸‡à¸¢à¸²à¸à¸‚à¸­à¸‡à¸¡à¸±à¸™ à¸—à¸µà¹ˆà¸ªà¸³à¸„à¸±à¸à¸„à¸·à¸­ à¸œà¸¡à¹„à¸¡à¹ˆà¸¡à¸µà¸žà¸£à¸´à¸™à¹€à¸•à¸­à¸£à¹Œ

à¹‚à¸›à¸£à¹€à¸ˆà¹‡à¸à¸•à¹Œà¸™à¸µà¹‰à¹€à¸£à¸´à¹ˆà¸¡à¹€à¸¡à¸·à¹ˆà¸­ 5 à¹€à¸”à¸·à¸­à¸™à¸à¹ˆà¸­à¸™ à¹à¸•à¹ˆà¹ƒà¸Šà¹‰à¹€à¸§à¸¥à¸²à¹‚à¸”à¸¢à¸›à¸£à¸°à¸¡à¸²à¸“ 112 à¸Šà¸¡. à¸œà¸¡à¸¡à¸µ programming hour à¸­à¸¢à¸¹à¹ˆà¸—à¸µà¹ˆ 500 à¸šà¸²à¸— à¸”à¸±à¸‡à¸™à¸±à¹‰à¸™à¸•à¹‰à¸™à¸—à¸¸à¸™à¹€à¸‰à¸žà¸²à¸°à¸£à¸°à¸šà¸šà¸™à¹ˆà¸²à¸ˆà¸°à¸­à¸¢à¸¹à¹ˆà¸—à¸µà¹ˆ 56,000 à¸šà¸²à¸— (à¹„à¸¡à¹ˆà¸£à¸§à¸¡à¸ªà¹ˆà¸§à¸™à¹€à¸£à¸µà¸¢à¸šà¹€à¸£à¸µà¸¢à¸‡à¹€à¸™à¸·à¹‰à¸­à¸«à¸²à¹à¸¥à¸°à¸à¸²à¸£à¹ƒà¸Šà¹‰à¸‡à¸²à¸™) à¹à¸•à¹ˆà¸”à¹‰à¸§à¸¢à¸„à¸§à¸²à¸¡à¸—à¸µà¹ˆà¹€à¸›à¹‡à¸™à¸„à¸™à¹€à¸£à¸´à¹ˆà¸¡à¹‚à¸„à¸£à¸‡à¸à¸²à¸£à¸™à¸µà¹‰à¸¡à¸²à¸•à¸±à¹‰à¸‡à¹à¸•à¹ˆà¸•à¹‰à¸™ à¸à¹‡à¸‚à¸­à¸£à¸±à¸šà¸”à¸³à¹€à¸™à¸´à¸™à¸à¸²à¸£à¸•à¹ˆà¸­à¹„à¸› à¸ªà¹ˆà¸§à¸™à¹ƒà¸«à¸à¹ˆà¸à¹‡à¸–à¸·à¸­à¸§à¹ˆà¸²à¹€à¸›à¹‡à¸™à¸‡à¸²à¸™à¸­à¸²à¸ªà¸²à¸ªà¸¡à¸±à¸„à¸£à¸‚à¸­à¸‡à¸œà¸¡à¹€à¸­à¸‡  à¹€à¸¥à¸¢à¸‚à¸­à¸­à¸™à¸¸à¸à¸²à¸•à¸™à¸³à¸—à¸¸à¸™à¹€à¸—à¹ˆà¸²à¸—à¸µà¹ˆà¹€à¸£à¸²à¸¡à¸µà¸‡à¸šà¸­à¸¢à¸¹à¹ˆà¹ƒà¸™à¸šà¸±à¸à¸Šà¸µà¸à¸¥à¸²à¸‡à¸¡à¸²à¹ƒà¸Šà¹‰ à¸£à¸²à¸¢à¸¥à¸°à¹€à¸­à¸µà¸¢à¸”à¸”à¸±à¸‡à¸™à¸µà¹‰

1. à¹€à¸§à¹‡à¸šà¹„à¸‹à¸•à¹Œà¸—à¸±à¹‰à¸‡à¸£à¸°à¸šà¸š à¹‚à¸”à¸¢à¹€à¸‰à¸žà¸²à¸°à¸£à¸°à¸šà¸šà¹ƒà¸«à¸à¹ˆà¹† à¸„à¸·à¸­ à¸£à¸°à¸šà¸šà¹€à¸‚à¸µà¸¢à¸™à¹à¸œà¸™à¹à¸¥à¸°à¹à¸šà¸šà¸›à¸£à¸°à¹€à¸¡à¸´à¸™à¹à¸¥à¸°à¸à¸²à¸£ migration à¸ˆà¸²à¸à¸£à¸°à¸šà¸šà¹€à¸à¹ˆà¸² à¸žà¸£à¹‰à¸­à¸¡à¸”à¸¹à¹à¸¥à¸‹à¸±à¸žà¸žà¸­à¸£à¹Œà¸— à¸•à¸¥à¸­à¸”à¸­à¸²à¸¢à¸¸à¸à¸²à¸£à¹ƒà¸Šà¹‰à¸‡à¸²à¸™ à¸”à¸³à¹€à¸™à¸´à¸™à¸‡à¸²à¸™à¹‚à¸”à¸¢ Tee à¸ˆà¸³à¸™à¸§à¸™ 25,000 à¸šà¸²à¸—

2. à¸à¸²à¸£à¸—à¸³à¹€à¸™à¸·à¹‰à¸­à¸«à¸²à¹à¸¥à¸°à¸ªà¹ˆà¸§à¸™à¸‚à¸­à¸‡à¹€à¸™à¸·à¹‰à¸­à¸«à¸²à¸—à¸µà¹ˆà¸•à¹‰à¸­à¸‡à¸ˆà¸±à¸”à¸—à¸³à¹€à¸£à¸µà¸¢à¸šà¹€à¸£à¸µà¸¢à¸šà¹ƒà¸«à¸¡à¹ˆà¸—à¸±à¹‰à¸‡à¸«à¸¡à¸” à¹ƒà¸«à¹‰à¹€à¸‚à¹‰à¸²à¹ƒà¸ˆà¸‡à¹ˆà¸²à¸¢à¹à¸¥à¸°à¸à¸²à¸£à¸—à¸³ Tutorial à¸à¸²à¸£à¹ƒà¸Šà¹‰à¸‡à¸²à¸™à¸£à¸°à¸šà¸šà¸—à¸±à¹‰à¸‡à¸«à¸¡à¸” à¸”à¸³à¹€à¸™à¸´à¸™à¸‡à¸²à¸™à¹‚à¸”à¸¢ Tita 5,000 à¸šà¸²à¸—

3. à¸ªà¸™à¸±à¸šà¸ªà¸™à¸¸à¸™à¸à¸²à¸£à¸žà¸±à¸’à¸™à¸² à¹à¸œà¸™à¸à¸²à¸£à¸¨à¸¶à¸à¸©à¸²à¹à¸¥à¸°à¹à¸šà¸šà¸›à¸£à¸°à¹€à¸¡à¸´à¸™à¸‚à¸­à¸‡ pataiw à¹ƒà¸«à¹‰à¹€à¸‚à¹‰à¸²à¹ƒà¸ˆà¸‡à¹ˆà¸²à¸¢à¸‚à¸¶à¹‰à¸™à¹à¸¥à¸°à¸¡à¸µà¸à¸²à¸£à¸­à¸±à¸žà¹€à¸”à¸—à¸­à¸¢à¹ˆà¸²à¸‡à¸•à¹ˆà¸­à¹€à¸™à¸·à¹ˆà¸­à¸‡ à¸”à¸³à¹€à¸™à¸´à¸™à¸‡à¸²à¸™à¹‚à¸”à¸¢ Patai 5,000 à¸šà¸²à¸—

4. à¹‚à¸®à¸ªà¸•à¸´à¹‰à¸‡à¸ªà¸³à¸«à¸£à¸±à¸šà¸›à¸µ 2019 à¸ˆà¸³à¸™à¸§à¸™ 1,500 à¸šà¸²à¸—

à¸ªà¸£à¸¸à¸›à¸§à¹ˆà¸²à¹€à¸‡à¸´à¸™à¸à¸­à¸‡à¸—à¸¸à¸™à¹€à¸£à¸²à¸«à¸¡à¸”à¸žà¸­à¸”à¸µà¹ƒà¸™à¸›à¸µà¸™à¸µà¹‰ à¹ƒà¸™à¹‚à¸­à¸à¸²à¸ªà¸•à¹ˆà¸­à¹„à¸›à¸ˆà¸°à¸‚à¸­à¸­à¸™à¸¸à¸à¸²à¸•à¸£à¸°à¸”à¸¡à¸—à¸¸à¸™à¸­à¸µà¸à¸„à¸£à¸±à¹‰à¸‡ à¹€à¸¡à¸·à¹ˆà¸­à¸¡à¸µà¸à¸²à¸£à¸­à¸±à¸žà¹€à¸”à¸—à¸à¸±à¸™à¹€à¸žà¸´à¹ˆà¸¡à¹€à¸•à¸´à¸¡

===================================================================
- Video Tutorial - à¸à¸²à¸£à¹€à¸‚à¸µà¸¢à¸™à¹à¸šà¸šà¸›à¸£à¸°à¹€à¸¡à¸´à¸™
- tagged à¸›à¹‰à¸²à¸¢à¸„à¸³à¸„à¹‰à¸™à¹ƒà¸ªà¹ˆ seo à¸«à¸±à¸§à¸‚à¹‰à¸­à¹ƒà¸«à¹‰à¸–à¸¹à¸
- à¸ˆà¸±à¸”à¸«à¸¡à¸§à¸”à¸«à¸¡à¸¹à¹ˆà¹ƒà¸«à¸¡à¹ˆ

Future
1. recent tweet
Introduction
- à¸šà¹‰à¸²à¸™à¹€à¸£à¸µà¸¢à¸™à¸„à¸·à¸­ à¹€à¸­à¸²à¹„à¸§à¹‰à¹‚à¸”à¸ªà¸°à¸™à¸²à¸ªà¸±à¹‰à¸™à¹† à¸«à¸™à¹‰à¸²à¹à¸£à¸à¸šà¸™à¸ªà¸¸à¸” à¹à¸šà¹ˆà¸‡à¹€à¸›à¹‡à¸™
- FAQ
- à¸›à¸£à¸°à¹€à¸ à¸—à¸‚à¸­à¸‡à¸šà¹‰à¸²à¸™à¹€à¸£à¸µà¸¢à¸™

à¸Šà¸±à¹‰à¸™à¸•à¸­à¸™à¸à¸²à¸£à¸—à¸³à¸šà¹‰à¸²à¸™à¹€à¸£à¸µà¸¢à¸™
1.
- à¸à¸²à¸£à¹€à¸‚à¸µà¸¢à¸™à¹à¸œà¸™à¸ªà¹ˆà¸‡à¹€à¸‚à¸• (à¸‚à¸­à¸Ÿà¸­à¸£à¹Œà¸¡à¹à¸šà¸š minimalist)
- à¸à¸²à¸£à¸¢à¸·à¹ˆà¸™à¹à¸šà¸šà¸›à¸£à¸°à¹€à¸¡à¸´à¸™ (SAR) + à¸£à¹ˆà¸­à¸‡à¸£à¸­à¸¢à¸à¸²à¸£à¹€à¸£à¸µà¸¢à¸™à¸£à¸¹à¹‰ (à¸‚à¸­à¸Ÿà¸­à¸£à¹Œà¸¡à¹à¸šà¸š minimalist)
- à¸‚à¸±à¹‰à¸™à¸•à¸­à¸™à¸à¸²à¸£à¸ˆà¸”à¸—à¸°à¹€à¸šà¸µà¸¢à¸™à¸šà¹‰à¸²à¸™à¹€à¸£à¸µà¸¢à¸™à¸à¸±à¸šà¹€à¸‚à¸• à¸”à¸¹ à¸£à¸¹à¸›à¹à¸¥à¸°à¸„à¸³à¹à¸™à¸°à¸™à¸³à¸—à¸µà¹ˆ https://issuu.com/manncomely/docs/
=========================================================================================
I'm using for our membership on my website to contact each other via Facbook profile

1. Click Login via Facebook on website.
2. Go to https://www.homeschoolnetwork.org/cloud and see how many people around on map
3. Click on profile picture to see their profile. This feature allow only for membership.
=========================================================================================
Technical Hint

1. à¸à¸£à¸“à¸µà¹€à¸žà¸´à¹ˆà¸¡ category à¸•à¹‰à¸­à¸‡à¹à¸à¹‰ /themes/responsiv-flat/pages/login/new-post.htm à¸”à¹‰à¸§à¸¢

========================================================================================
October Hint

Create a plugin
The create:plugin command generates a plugin folder and basic files for the plugin. The parameter specifies the author and plugin name.

$php artisan create:plugin Acme.Blog

Create a component
The create:component command creates a new component class and the default component view. The first parameter specifies the author and plugin name. The second parameter specifies the component class name.

$php artisan create:component Acme.Blog Post

Create a model
The create:model command generates the files needed for a new model. The first parameter specifies the author and plugin name. The second parameter specifies the model class name.

$php artisan create:model Acme.Blog Post

Create a back-end controller
The create:controller command generates a controller, configuration and view files. The first parameter specifies the author and plugin name. The second parameter specifies the controller class name.

$php artisan create:controller Acme.Blog Posts

Create a form widget
The create:formwidget command generates a back-end form widget, view and basic asset files. The first parameter specifies the author and plugin name. The second parameter specifies the form widget class name.

$php artisan create:formwidget Acme.Blog CategorySelector

à¸à¸²à¸£à¸ªà¸£à¹‰à¸²à¸‡ components
1. php artisan create:component Numthang.Homeschool Evaluation à¸«à¸£à¸·à¸­
1. à¸ªà¸£à¹‰à¸²à¸‡ directory components/xxx
2. register component à¹ƒà¸™ [plugin_name]/Plugin.php à¸”à¹‰à¸§à¸¢ namespace à¸‚à¸­à¸‡ component à¸šà¸£à¸£à¸—à¸±à¸”à¸šà¸™à¸ªà¸¸à¸”

Extending user plugin backend form : à¹€à¸žà¸´à¹ˆà¸¡ field table à¸à¸£à¸“à¸µà¸—à¸µà¹ˆà¹„à¸¡à¹ˆà¸¡à¸µ table à¹ƒà¸™ builder
1. à¸ªà¸£à¹‰à¸²à¸‡ plugin à¹ƒà¸™ builder à¹ƒà¸«à¸¡à¹ˆ à¹€à¸Šà¹ˆà¸™ Profile à¹ƒà¸™ à¸ªà¹ˆà¸§à¸™à¸‚à¸­à¸‡ plugin à¸‚à¸­à¸‡à¹€à¸£à¸²
2. à¹ƒà¸™ folder plugins/numthang/profile/updates à¸ªà¸£à¹‰à¸²à¸‡ add_new_fields.php
3. copy à¹ƒà¸™à¹„à¸Ÿà¸¥à¹Œ update à¹€à¸Šà¹ˆà¸™ /rainlab/user/updates/create_users_table.php
4. à¹€à¸›à¸¥à¸µà¹ˆà¸¢à¸™ namespace à¹ƒà¸«à¹‰à¹€à¸›à¹‡à¸™à¸‚à¸­à¸‡à¹€à¸£à¸²
5. à¸ªà¸£à¹‰à¸²à¸‡ class à¹ƒà¸«à¸¡à¹ˆ à¹€à¸Šà¹ˆà¸™ AddNewFields à¸¥à¸š drop function à¸­à¸­à¸à¸”à¹‰à¸§à¸¢
6. à¹€à¸žà¸´à¹ˆà¸¡     - add_new_fields.php à¹ƒà¸™ version.yaml
7. à¸£à¸±à¸™ php artisan plugin:refresh numthang.profile
8. à¹€à¸žà¸´à¹ˆà¸¡ function boot à¹ƒà¸™ Plugin.php

Extending user plugin fronend form
1. copy html form à¸¡à¸²à¸ªà¸£à¹‰à¸²à¸‡ partial à¹ƒà¸«à¸¡à¹ˆ
2. à¹€à¸žà¸´à¹ˆà¸¡ function model UserModel::extend à¹ƒà¸™ boot

=======================================================================================
Laravel File manager

Follow Laravel Filemanager installation guide here https://unisharp.github.io/laravel-filemanager/installation. (recommend version 1.9.2 or below because after this version still have a problem with auth middlewares and I don't know how to fix it)

Open /config/lfm.php and add your own assets path for your icon example

'assets_directory' => '/themes/[your_theme_name]/assets',

remove 'auth' config in middlewares option.

middlewares' => ['web'],

Open vendor/unisharp/laravel-filemanager/src/views/index.blade.php. We have to replace all css and before and javascript before declarations.

<style>{!! \File::get(base_path('vendor/laravel-filemanager/css/lfm.css')) !!}</style>
<style>{!! \File::get(base_path('vendor/laravel-filemanager/css/cropper.min.css')) !!}</style>
<style>{!! \File::get(base_path('vendor/laravel-filemanager/css/mfb.css')) !!}</style>
<style>{!! \File::get(base_path('vendor/laravel-filemanager/css/dropzone.min.css')) !!}</style>

<script>{!! \File::get(base_path('vendor/laravel-filemanager/js/cropper.min.js')) !!}</script>
<script>{!! \File::get(base_path('vendor/laravel-filemanager/js/jquery.form.min.js')) !!}</script>
<script>{!! \File::get(base_path('vendor/laravel-filemanager/js/dropzone.min.js')) !!}</script>

Open /vendor/unisharp/laravel-filemanager/src/Traits/LfmHelpers.php find $thumb_url and replace the folder.png path instead.

$thumb_url = asset(config('lfm.assets_directory').'/images/icons/png/folder.png');

/vendor/unisharp/laravel-filemanager/src/Handlers/ConfigHandler.php
===========================================================================================
Hard code changed

//update slug as next id
/plugins/rainlab/blog/models/Post.php
/plugins/bedard/blogtags/models/Tag.php
/plugins/fireunion/blogfront/components/PostForm.php
/plugins/flynsarmy/sociallogin/classes/UserManager.php
